<?xml version="1.0" encoding="UTF-8"?>
<testng-results ignored="0" total="3" passed="3" failed="0" skipped="0">
  <reporter-output>
  </reporter-output>
  <suite started-at="2023-01-06T13:44:53 IST" name="Suite" finished-at="2023-01-06T13:44:53 IST" duration-ms="360">
    <groups>
    </groups>
    <test started-at="2023-01-06T13:44:53 IST" name="Test" finished-at="2023-01-06T13:44:53 IST" duration-ms="360">
      <class name="com.amazonPrime.testcases.TC_3">
        <test-method signature="tc3()[pri:0, instance:com.amazonPrime.testcases.TC_3@6253c26]" started-at="2023-01-06T13:44:53 IST" name="tc3" finished-at="2023-01-06T13:44:53 IST" duration-ms="1" status="PASS">
          <reporter-output>
          </reporter-output>
        </test-method> <!-- tc3 -->
      </class> <!-- com.amazonPrime.testcases.TC_3 -->
      <class name="com.amazonPrime.testcases.TC_2">
        <test-method signature="tc2()[pri:0, instance:com.amazonPrime.testcases.TC_2@434a63ab]" started-at="2023-01-06T13:44:53 IST" name="tc2" finished-at="2023-01-06T13:44:53 IST" duration-ms="13" status="PASS">
          <reporter-output>
          </reporter-output>
        </test-method> <!-- tc2 -->
      </class> <!-- com.amazonPrime.testcases.TC_2 -->
      <class name="com.amazonPrime.testcases.TC_1">
        <test-method signature="tc1()[pri:0, instance:com.amazonPrime.testcases.TC_1@67f639d3]" started-at="2023-01-06T13:44:53 IST" name="tc1" finished-at="2023-01-06T13:44:53 IST" duration-ms="1" status="PASS">
          <reporter-output>
          </reporter-output>
        </test-method> <!-- tc1 -->
      </class> <!-- com.amazonPrime.testcases.TC_1 -->
    </test> <!-- Test -->
  </suite> <!-- Suite -->
</testng-results>
