<?xml version="1.0" encoding="UTF-8"?>
<!-- Generated by org.testng.reporters.JUnitXMLReporter -->
<testsuite ignored="0" hostname="Anand-Seena" failures="0" tests="3" name="Test" time="0.36" errors="0" timestamp="2023-01-06T13:44:54 IST">
  <testcase classname="com.amazonPrime.testcases.TC_2" name="tc2" time="0.013"/>
  <testcase classname="com.amazonPrime.testcases.TC_1" name="tc1" time="0.001"/>
  <testcase classname="com.amazonPrime.testcases.TC_3" name="tc3" time="0.001"/>
</testsuite> <!-- Test -->
